Flow report for pojeto2
Fri Oct 19 10:16:16 2018
Quartus II Version 9.1 Build 222 10/21/2009 SJ Web Edition


---------------------
; Table of Contents ;
---------------------
  1. Legal Notice
  2. Flow Summary
  3. Flow Settings
  4. Flow Non-Default Global Settings
  5. Flow Elapsed Time
  6. Flow OS Summary
  7. Flow Log



----------------
; Legal Notice ;
----------------
Copyright (C) 1991-2009 Altera Corporation
Your use of Altera Corporation's design tools, logic functions 
and other software and tools, and its AMPP partner logic 
functions, and any output files from any of the foregoing 
(including device programming or simulation files), and any 
associated documentation or information are expressly subject 
to the terms and conditions of the Altera Program License 
Subscription Agreement, Altera MegaCore Function License 
Agreement, or other applicable license agreement, including, 
without limitation, that your use is for the sole purpose of 
programming logic devices manufactured by Altera and sold by 
Altera or its authorized distributors.  Please refer to the 
applicable agreement for further details.



+------------------------------------------------------------------------------+
; Flow Summary                                                                 ;
+------------------------------------+-----------------------------------------+
; Flow Status                        ; Successful - Fri Oct 19 10:16:16 2018   ;
; Quartus II Version                 ; 9.1 Build 222 10/21/2009 SJ Web Edition ;
; Revision Name                      ; pojeto2                                 ;
; Top-level Entity Name              ; CPU                                     ;
; Family                             ; Cyclone II                              ;
; Device                             ; EP2C70F896C7                            ;
; Timing Models                      ; Final                                   ;
; Met timing requirements            ; Yes                                     ;
; Total logic elements               ; 0 / 68,416 ( 0 % )                      ;
;     Total combinational functions  ; 0 / 68,416 ( 0 % )                      ;
;     Dedicated logic registers      ; 0 / 68,416 ( 0 % )                      ;
; Total registers                    ; 0                                       ;
; Total pins                         ; 1 / 622 ( < 1 % )                       ;
; Total virtual pins                 ; 0                                       ;
; Total memory bits                  ; 0 / 1,152,000 ( 0 % )                   ;
; Embedded Multiplier 9-bit elements ; 0 / 300 ( 0 % )                         ;
; Total PLLs                         ; 0 / 4 ( 0 % )                           ;
+------------------------------------+-----------------------------------------+


+-----------------------------------------+
; Flow Settings                           ;
+-------------------+---------------------+
; Option            ; Setting             ;
+-------------------+---------------------+
; Start date & time ; 10/19/2018 10:15:49 ;
; Main task         ; Compilation         ;
; Revision Name     ; pojeto2             ;
+-------------------+---------------------+


+--------------------------------------------------------------------------------------------------------------------+
; Flow Non-Default Global Settings                                                                                   ;
+------------------------------------+--------------------------------+---------------+-------------+----------------+
; Assignment Name                    ; Value                          ; Default Value ; Entity Name ; Section Id     ;
+------------------------------------+--------------------------------+---------------+-------------+----------------+
; COMPILER_SIGNATURE_ID              ; 31032335733646.153995494929816 ; --            ; --          ; --             ;
; MAX_CORE_JUNCTION_TEMP             ; 85                             ; --            ; --          ; --             ;
; MIN_CORE_JUNCTION_TEMP             ; 0                              ; --            ; --          ; --             ;
; PARTITION_COLOR                    ; 16764057                       ; --            ; CPU         ; Top            ;
; PARTITION_NETLIST_TYPE             ; SOURCE                         ; --            ; CPU         ; Top            ;
; TOP_LEVEL_ENTITY                   ; CPU                            ; pojeto2       ; --          ; --             ;
; USE_GENERATED_PHYSICAL_CONSTRAINTS ; Off                            ; --            ; --          ; eda_blast_fpga ;
+------------------------------------+--------------------------------+---------------+-------------+----------------+


+-----------------------------------------------------------------------------------------------------------------------------+
; Flow Elapsed Time                                                                                                           ;
+-------------------------+--------------+-------------------------+---------------------+------------------------------------+
; Module Name             ; Elapsed Time ; Average Processors Used ; Peak Virtual Memory ; Total CPU Time (on all processors) ;
+-------------------------+--------------+-------------------------+---------------------+------------------------------------+
; Analysis & Synthesis    ; 00:00:06     ; 1.0                     ; 266 MB              ; 00:00:06                           ;
; Fitter                  ; 00:00:13     ; 1.0                     ; 361 MB              ; 00:00:13                           ;
; Assembler               ; 00:00:05     ; 1.0                     ; 343 MB              ; 00:00:05                           ;
; Classic Timing Analyzer ; 00:00:00     ; 1.0                     ; 170 MB              ; 00:00:00                           ;
; Total                   ; 00:00:24     ; --                      ; --                  ; 00:00:24                           ;
+-------------------------+--------------+-------------------------+---------------------+------------------------------------+


+------------------------------------------------------------------------------------------+
; Flow OS Summary                                                                          ;
+-------------------------+------------------+---------------+------------+----------------+
; Module Name             ; Machine Hostname ; OS Name       ; OS Version ; Processor type ;
+-------------------------+------------------+---------------+------------+----------------+
; Analysis & Synthesis    ; LAPTOP-RODRIGO   ; Windows Vista ; 6.2        ; x86_64         ;
; Fitter                  ; LAPTOP-RODRIGO   ; Windows Vista ; 6.2        ; x86_64         ;
; Assembler               ; LAPTOP-RODRIGO   ; Windows Vista ; 6.2        ; x86_64         ;
; Classic Timing Analyzer ; LAPTOP-RODRIGO   ; Windows Vista ; 6.2        ; x86_64         ;
+-------------------------+------------------+---------------+------------+----------------+


------------
; Flow Log ;
------------
quartus_map --read_settings_files=on --write_settings_files=off pojeto2 -c pojeto2
quartus_fit --read_settings_files=off --write_settings_files=off pojeto2 -c pojeto2
quartus_asm --read_settings_files=off --write_settings_files=off pojeto2 -c pojeto2
quartus_tan --read_settings_files=off --write_settings_files=off pojeto2 -c pojeto2 --timing_analysis_only



